# JRE version: Java(TM) SE Runtime Environment (8.0_191-b12) (build 1.8.0_191-b12)
# Java VM: Java HotSpot(TM) 64-Bit Server VM (25.191-b12 mixed mode windows-amd64 compressed oops)
Heap:
 PSYoungGen      total 90112K, used 8532K [0x00000000eb200000, 0x00000000f1280000, 0x0000000100000000)
  eden space 81408K, 10% used [0x00000000eb200000,0x00000000eba55020,0x00000000f0180000)
  from space 8704K, 0% used [0x00000000f0180000,0x00000000f0180000,0x00000000f0a00000)
  to   space 5632K, 0% used [0x00000000f0d00000,0x00000000f0d00000,0x00000000f1280000)
 ParOldGen       total 32768K, used 12801K [0x00000000c1600000, 0x00000000c3600000, 0x00000000eb200000)
  object space 32768K, 39% used [0x00000000c1600000,0x00000000c2280798,0x00000000c3600000)
 Metaspace       used 46724K, capacity 49347K, committed 49920K, reserved 1095680K
  class space    used 6511K, capacity 6990K, committed 7168K, reserved 1048576K
GC Heap History (10 events):
Event: 65.520 GC heap before
{Heap before GC invocations=27 (full 8):
 PSYoungGen      total 90112K, used 0K [0x00000000eb200000, 0x00000000f1280000, 0x0000000100000000)
  eden space 81408K, 0% used [0x00000000eb200000,0x00000000eb200000,0x00000000f0180000)
  from space 8704K, 0% used [0x00000000f0180000,0x00000000f0180000,0x00000000f0a00000)
  to   space 5632K, 0% used [0x00000000f0d00000,0x00000000f0d00000,0x00000000f1280000)
 ParOldGen       total 32768K, used 12802K [0x00000000c1600000, 0x00000000c3600000, 0x00000000eb200000)
  object space 32768K, 39% used [0x00000000c1600000,0x00000000c22809a0,0x00000000c3600000)
 Metaspace       used 46555K, capacity 49069K, committed 49536K, reserved 1097728K
  class space    used 6477K, capacity 6937K, committed 7040K, reserved 1048576K
Event: 65.565 GC heap after
Heap after GC invocations=27 (full 8):
 PSYoungGen      total 90112K, used 0K [0x00000000eb200000, 0x00000000f1280000, 0x0000000100000000)
  eden space 81408K, 0% used [0x00000000eb200000,0x00000000eb200000,0x00000000f0180000)
  from space 8704K, 0% used [0x00000000f0180000,0x00000000f0180000,0x00000000f0a00000)
  to   space 5632K, 0% used [0x00000000f0d00000,0x00000000f0d00000,0x00000000f1280000)
 ParOldGen       total 32768K, used 12802K [0x00000000c1600000, 0x00000000c3600000, 0x00000000eb200000)
  object space 32768K, 39% used [0x00000000c1600000,0x00000000c22809a0,0x00000000c3600000)
 Metaspace       used 46555K, capacity 49069K, committed 49536K, reserved 1093632K
  class space    used 6477K, capacity 6937K, committed 7040K, reserved 1048576K
}
Event: 65.566 GC heap before
{Heap before GC invocations=28 (full 8):
 PSYoungGen      total 90112K, used 0K [0x00000000eb200000, 0x00000000f1280000, 0x0000000100000000)
  eden space 81408K, 0% used [0x00000000eb200000,0x00000000eb200000,0x00000000f0180000)
  from space 8704K, 0% used [0x00000000f0180000,0x00000000f0180000,0x00000000f0a00000)
  to   space 5632K, 0% used [0x00000000f0d00000,0x00000000f0d00000,0x00000000f1280000)
 ParOldGen       total 32768K, used 12802K [0x00000000c1600000, 0x00000000c3600000, 0x00000000eb200000)
  object space 32768K, 39% used [0x00000000c1600000,0x00000000c22809a0,0x00000000c3600000)
 Metaspace       used 46555K, capacity 49069K, committed 49536K, reserved 1099776K
  class space    used 6477K, capacity 6937K, committed 7040K, reserved 1048576K
Event: 65.568 GC heap after
Heap after GC invocations=28 (full 8):
 PSYoungGen      total 87040K, used 0K [0x00000000eb200000, 0x00000000f1280000, 0x0000000100000000)
  eden space 81408K, 0% used [0x00000000eb200000,0x00000000eb200000,0x00000000f0180000)
  from space 5632K, 0% used [0x00000000f0d00000,0x00000000f0d00000,0x00000000f1280000)
  to   space 8704K, 0% used [0x00000000f0180000,0x00000000f0180000,0x00000000f0a00000)
 ParOldGen       total 32768K, used 12802K [0x00000000c1600000, 0x00000000c3600000, 0x00000000eb200000)
  object space 32768K, 39% used [0x00000000c1600000,0x00000000c22809a0,0x00000000c3600000)
 Metaspace       used 46555K, capacity 49069K, committed 49536K, reserved 1099776K
  class space    used 6477K, capacity 6937K, committed 7040K, reserved 1048576K
}
Event: 65.568 GC heap before
{Heap before GC invocations=29 (full 9):
 PSYoungGen      total 87040K, used 0K [0x00000000eb200000, 0x00000000f1280000, 0x0000000100000000)
  eden space 81408K, 0% used [0x00000000eb200000,0x00000000eb200000,0x00000000f0180000)
  from space 5632K, 0% used [0x00000000f0d00000,0x00000000f0d00000,0x00000000f1280000)
  to   space 8704K, 0% used [0x00000000f0180000,0x00000000f0180000,0x00000000f0a00000)
 ParOldGen       total 32768K, used 12802K [0x00000000c1600000, 0x00000000c3600000, 0x00000000eb200000)
  object space 32768K, 39% used [0x00000000c1600000,0x00000000c22809a0,0x00000000c3600000)
 Metaspace       used 46555K, capacity 49069K, committed 49536K, reserved 1099776K
  class space    used 6477K, capacity 6937K, committed 7040K, reserved 1048576K
Event: 65.635 GC heap after
Heap after GC invocations=29 (full 9):
 PSYoungGen      total 87040K, used 0K [0x00000000eb200000, 0x00000000f1280000, 0x0000000100000000)
  eden space 81408K, 0% used [0x00000000eb200000,0x00000000eb200000,0x00000000f0180000)
  from space 5632K, 0% used [0x00000000f0d00000,0x00000000f0d00000,0x00000000f1280000)
  to   space 8704K, 0% used [0x00000000f0180000,0x00000000f0180000,0x00000000f0a00000)
 ParOldGen       total 32768K, used 12801K [0x00000000c1600000, 0x00000000c3600000, 0x00000000eb200000)
  object space 32768K, 39% used [0x00000000c1600000,0x00000000c2280798,0x00000000c3600000)
 Metaspace       used 46555K, capacity 49069K, committed 49536K, reserved 1093632K
  class space    used 6477K, capacity 6937K, committed 7040K, reserved 1048576K
}
Event: 65.635 GC heap before
{Heap before GC invocations=30 (full 9):
 PSYoungGen      total 87040K, used 0K [0x00000000eb200000, 0x00000000f1280000, 0x0000000100000000)
  eden space 81408K, 0% used [0x00000000eb200000,0x00000000eb200000,0x00000000f0180000)
  from space 5632K, 0% used [0x00000000f0d00000,0x00000000f0d00000,0x00000000f1280000)
  to   space 8704K, 0% used [0x00000000f0180000,0x00000000f0180000,0x00000000f0a00000)
 ParOldGen       total 32768K, used 12801K [0x00000000c1600000, 0x00000000c3600000, 0x00000000eb200000)
  object space 32768K, 39% used [0x00000000c1600000,0x00000000c2280798,0x00000000c3600000)
 Metaspace       used 46555K, capacity 49069K, committed 49536K, reserved 1097728K
  class space    used 6477K, capacity 6937K, committed 7040K, reserved 1048576K
Event: 65.636 GC heap after
Heap after GC invocations=30 (full 9):
 PSYoungGen      total 90112K, used 0K [0x00000000eb200000, 0x00000000f1280000, 0x0000000100000000)
  eden space 81408K, 0% used [0x00000000eb200000,0x00000000eb200000,0x00000000f0180000)
  from space 8704K, 0% used [0x00000000f0180000,0x00000000f0180000,0x00000000f0a00000)
  to   space 5632K, 0% used [0x00000000f0d00000,0x00000000f0d00000,0x00000000f1280000)
 ParOldGen       total 32768K, used 12801K [0x00000000c1600000, 0x00000000c3600000, 0x00000000eb200000)
  object space 32768K, 39% used [0x00000000c1600000,0x00000000c2280798,0x00000000c3600000)
 Metaspace       used 46555K, capacity 49069K, committed 49536K, reserved 1097728K
  class space    used 6477K, capacity 6937K, committed 7040K, reserved 1048576K
}
Event: 65.636 GC heap before
{Heap before GC invocations=31 (full 10):
 PSYoungGen      total 90112K, used 0K [0x00000000eb200000, 0x00000000f1280000, 0x0000000100000000)
  eden space 81408K, 0% used [0x00000000eb200000,0x00000000eb200000,0x00000000f0180000)
  from space 8704K, 0% used [0x00000000f0180000,0x00000000f0180000,0x00000000f0a00000)
  to   space 5632K, 0% used [0x00000000f0d00000,0x00000000f0d00000,0x00000000f1280000)
 ParOldGen       total 32768K, used 12801K [0x00000000c1600000, 0x00000000c3600000, 0x00000000eb200000)
  object space 32768K, 39% used [0x00000000c1600000,0x00000000c2280798,0x00000000c3600000)
 Metaspace       used 46555K, capacity 49069K, committed 49536K, reserved 1097728K
  class space    used 6477K, capacity 6937K, committed 7040K, reserved 1048576K
Event: 65.675 GC heap after
Heap after GC invocations=31 (full 10):
 PSYoungGen      total 90112K, used 0K [0x00000000eb200000, 0x00000000f1280000, 0x0000000100000000)
  eden space 81408K, 0% used [0x00000000eb200000,0x00000000eb200000,0x00000000f0180000)
  from space 8704K, 0% used [0x00000000f0180000,0x00000000f0180000,0x00000000f0a00000)
  to   space 5632K, 0% used [0x00000000f0d00000,0x00000000f0d00000,0x00000000f1280000)
 ParOldGen       total 32768K, used 12801K [0x00000000c1600000, 0x00000000c3600000, 0x00000000eb200000)
  object space 32768K, 39% used [0x00000000c1600000,0x00000000c2280798,0x00000000c3600000)
 Metaspace       used 46555K, capacity 49069K, committed 49536K, reserved 1093632K
  class space    used 6477K, capacity 6937K, committed 7040K, reserved 1048576K
}

